-------------------------------------------------------------------------------
Test set: TestSuite
-------------------------------------------------------------------------------
Tests run: 15, Failures: 14, Errors: 0, Skipped: 0, Time elapsed: 50.031 s <<< FAILURE! - in TestSuite
testCase(com.alg.test.executionengine.Executor)  Time elapsed: 2.798 s  <<< FAILURE!
java.lang.AssertionError
	at com.alg.test.executionengine.Executor.testCase(Executor.java:169)

testCase(com.alg.test.executionengine.Executor)  Time elapsed: 2.731 s  <<< FAILURE!
java.lang.AssertionError
	at com.alg.test.executionengine.Executor.testCase(Executor.java:169)

testCase(com.alg.test.executionengine.Executor)  Time elapsed: 2.772 s  <<< FAILURE!
java.lang.AssertionError
	at com.alg.test.executionengine.Executor.testCase(Executor.java:169)

testCase(com.alg.test.executionengine.Executor)  Time elapsed: 2.76 s  <<< FAILURE!
java.lang.AssertionError
	at com.alg.test.executionengine.Executor.testCase(Executor.java:169)

testCase(com.alg.test.executionengine.Executor)  Time elapsed: 2.837 s  <<< FAILURE!
java.lang.AssertionError
	at com.alg.test.executionengine.Executor.testCase(Executor.java:169)

testCase(com.alg.test.executionengine.Executor)  Time elapsed: 2.759 s  <<< FAILURE!
java.lang.AssertionError
	at com.alg.test.executionengine.Executor.testCase(Executor.java:169)

testCase(com.alg.test.executionengine.Executor)  Time elapsed: 2.824 s  <<< FAILURE!
java.lang.AssertionError
	at com.alg.test.executionengine.Executor.testCase(Executor.java:169)

testCase(com.alg.test.executionengine.Executor)  Time elapsed: 2.721 s  <<< FAILURE!
java.lang.AssertionError
	at com.alg.test.executionengine.Executor.testCase(Executor.java:169)

testCase(com.alg.test.executionengine.Executor)  Time elapsed: 2.75 s  <<< FAILURE!
java.lang.AssertionError
	at com.alg.test.executionengine.Executor.testCase(Executor.java:169)

testCase(com.alg.test.executionengine.Executor)  Time elapsed: 2.58 s  <<< FAILURE!
java.lang.AssertionError
	at com.alg.test.executionengine.Executor.testCase(Executor.java:169)

testCase(com.alg.test.executionengine.Executor)  Time elapsed: 2.766 s  <<< FAILURE!
java.lang.AssertionError
	at com.alg.test.executionengine.Executor.testCase(Executor.java:169)

testCase(com.alg.test.executionengine.Executor)  Time elapsed: 2.714 s  <<< FAILURE!
java.lang.AssertionError
	at com.alg.test.executionengine.Executor.testCase(Executor.java:169)

testCase(com.alg.test.executionengine.Executor)  Time elapsed: 2.721 s  <<< FAILURE!
java.lang.AssertionError
	at com.alg.test.executionengine.Executor.testCase(Executor.java:169)

testCase(com.alg.test.executionengine.Executor)  Time elapsed: 2.744 s  <<< FAILURE!
java.lang.AssertionError
	at com.alg.test.executionengine.Executor.testCase(Executor.java:169)

