<?xml version="1.0" encoding="UTF-8"?>
<testng-results skipped="0" failed="0" ignored="0" total="15" passed="15">
  <reporter-output>
  </reporter-output>
  <suite name="Regression" duration-ms="113858" started-at="2017-09-21T13:34:54Z" finished-at="2017-09-21T13:36:48Z">
    <groups>
    </groups>
    <test name="Test" duration-ms="113858" started-at="2017-09-21T13:34:54Z" finished-at="2017-09-21T13:36:48Z">
      <class name="com.alg.test.executionengine.Executor">
        <test-method status="PASS" signature="setUp()[pri:0, instance:com.alg.test.executionengine.Executor@6a4f787b]" name="setUp" is-config="true" duration-ms="257" started-at="2017-09-21T09:34:54Z" finished-at="2017-09-21T09:34:54Z">
          <reporter-output>
          </reporter-output>
        </test-method> <!-- setUp -->
        <test-method status="PASS" signature="beforeClass()[pri:0, instance:com.alg.test.executionengine.Executor@6a4f787b]" name="beforeClass" is-config="true" duration-ms="844" started-at="2017-09-21T09:34:54Z" finished-at="2017-09-21T09:34:55Z">
          <reporter-output>
          </reporter-output>
        </test-method> <!-- beforeClass -->
        <test-method status="PASS" signature="testCase(java.lang.String)[pri:0, instance:com.alg.test.executionengine.Executor@6a4f787b]" name="testCase" duration-ms="13699" started-at="2017-09-21T09:34:55Z" data-provider="TestCases" finished-at="2017-09-21T09:35:09Z">
          <params>
            <param index="0">
              <value>
                <![CDATA[1]]>
              </value>
            </param>
          </params>
          <reporter-output>
          </reporter-output>
        </test-method> <!-- testCase -->
        <test-method status="PASS" signature="testCase(java.lang.String)[pri:0, instance:com.alg.test.executionengine.Executor@6a4f787b]" name="testCase" duration-ms="6523" started-at="2017-09-21T09:35:09Z" data-provider="TestCases" finished-at="2017-09-21T09:35:16Z">
          <params>
            <param index="0">
              <value>
                <![CDATA[2]]>
              </value>
            </param>
          </params>
          <reporter-output>
          </reporter-output>
        </test-method> <!-- testCase -->
        <test-method status="PASS" signature="testCase(java.lang.String)[pri:0, instance:com.alg.test.executionengine.Executor@6a4f787b]" name="testCase" duration-ms="7303" started-at="2017-09-21T09:35:16Z" data-provider="TestCases" finished-at="2017-09-21T09:35:23Z">
          <params>
            <param index="0">
              <value>
                <![CDATA[3]]>
              </value>
            </param>
          </params>
          <reporter-output>
          </reporter-output>
        </test-method> <!-- testCase -->
        <test-method status="PASS" signature="testCase(java.lang.String)[pri:0, instance:com.alg.test.executionengine.Executor@6a4f787b]" name="testCase" duration-ms="6615" started-at="2017-09-21T09:35:23Z" data-provider="TestCases" finished-at="2017-09-21T09:35:30Z">
          <params>
            <param index="0">
              <value>
                <![CDATA[4]]>
              </value>
            </param>
          </params>
          <reporter-output>
          </reporter-output>
        </test-method> <!-- testCase -->
        <test-method status="PASS" signature="testCase(java.lang.String)[pri:0, instance:com.alg.test.executionengine.Executor@6a4f787b]" name="testCase" duration-ms="6955" started-at="2017-09-21T09:35:30Z" data-provider="TestCases" finished-at="2017-09-21T09:35:36Z">
          <params>
            <param index="0">
              <value>
                <![CDATA[5]]>
              </value>
            </param>
          </params>
          <reporter-output>
          </reporter-output>
        </test-method> <!-- testCase -->
        <test-method status="PASS" signature="testCase(java.lang.String)[pri:0, instance:com.alg.test.executionengine.Executor@6a4f787b]" name="testCase" duration-ms="6622" started-at="2017-09-21T09:35:36Z" data-provider="TestCases" finished-at="2017-09-21T09:35:43Z">
          <params>
            <param index="0">
              <value>
                <![CDATA[6]]>
              </value>
            </param>
          </params>
          <reporter-output>
          </reporter-output>
        </test-method> <!-- testCase -->
        <test-method status="PASS" signature="testCase(java.lang.String)[pri:0, instance:com.alg.test.executionengine.Executor@6a4f787b]" name="testCase" duration-ms="7001" started-at="2017-09-21T09:35:43Z" data-provider="TestCases" finished-at="2017-09-21T09:35:50Z">
          <params>
            <param index="0">
              <value>
                <![CDATA[7]]>
              </value>
            </param>
          </params>
          <reporter-output>
          </reporter-output>
        </test-method> <!-- testCase -->
        <test-method status="PASS" signature="testCase(java.lang.String)[pri:0, instance:com.alg.test.executionengine.Executor@6a4f787b]" name="testCase" duration-ms="7026" started-at="2017-09-21T09:35:50Z" data-provider="TestCases" finished-at="2017-09-21T09:35:57Z">
          <params>
            <param index="0">
              <value>
                <![CDATA[8]]>
              </value>
            </param>
          </params>
          <reporter-output>
          </reporter-output>
        </test-method> <!-- testCase -->
        <test-method status="PASS" signature="testCase(java.lang.String)[pri:0, instance:com.alg.test.executionengine.Executor@6a4f787b]" name="testCase" duration-ms="6666" started-at="2017-09-21T09:35:57Z" data-provider="TestCases" finished-at="2017-09-21T09:36:04Z">
          <params>
            <param index="0">
              <value>
                <![CDATA[9]]>
              </value>
            </param>
          </params>
          <reporter-output>
          </reporter-output>
        </test-method> <!-- testCase -->
        <test-method status="PASS" signature="testCase(java.lang.String)[pri:0, instance:com.alg.test.executionengine.Executor@6a4f787b]" name="testCase" duration-ms="6652" started-at="2017-09-21T09:36:04Z" data-provider="TestCases" finished-at="2017-09-21T09:36:10Z">
          <params>
            <param index="0">
              <value>
                <![CDATA[10]]>
              </value>
            </param>
          </params>
          <reporter-output>
          </reporter-output>
        </test-method> <!-- testCase -->
        <test-method status="PASS" signature="testCase(java.lang.String)[pri:0, instance:com.alg.test.executionengine.Executor@6a4f787b]" name="testCase" duration-ms="7997" started-at="2017-09-21T09:36:10Z" data-provider="TestCases" finished-at="2017-09-21T09:36:18Z">
          <params>
            <param index="0">
              <value>
                <![CDATA[11]]>
              </value>
            </param>
          </params>
          <reporter-output>
          </reporter-output>
        </test-method> <!-- testCase -->
        <test-method status="PASS" signature="testCase(java.lang.String)[pri:0, instance:com.alg.test.executionengine.Executor@6a4f787b]" name="testCase" duration-ms="6625" started-at="2017-09-21T09:36:18Z" data-provider="TestCases" finished-at="2017-09-21T09:36:25Z">
          <params>
            <param index="0">
              <value>
                <![CDATA[12]]>
              </value>
            </param>
          </params>
          <reporter-output>
          </reporter-output>
        </test-method> <!-- testCase -->
        <test-method status="PASS" signature="testCase(java.lang.String)[pri:0, instance:com.alg.test.executionengine.Executor@6a4f787b]" name="testCase" duration-ms="7163" started-at="2017-09-21T09:36:25Z" data-provider="TestCases" finished-at="2017-09-21T09:36:32Z">
          <params>
            <param index="0">
              <value>
                <![CDATA[13]]>
              </value>
            </param>
          </params>
          <reporter-output>
          </reporter-output>
        </test-method> <!-- testCase -->
        <test-method status="PASS" signature="testCase(java.lang.String)[pri:0, instance:com.alg.test.executionengine.Executor@6a4f787b]" name="testCase" duration-ms="6690" started-at="2017-09-21T09:36:32Z" data-provider="TestCases" finished-at="2017-09-21T09:36:39Z">
          <params>
            <param index="0">
              <value>
                <![CDATA[14]]>
              </value>
            </param>
          </params>
          <reporter-output>
          </reporter-output>
        </test-method> <!-- testCase -->
        <test-method status="PASS" signature="testCase(java.lang.String)[pri:0, instance:com.alg.test.executionengine.Executor@6a4f787b]" name="testCase" duration-ms="7402" started-at="2017-09-21T09:36:39Z" data-provider="TestCases" finished-at="2017-09-21T09:36:46Z">
          <params>
            <param index="0">
              <value>
                <![CDATA[15]]>
              </value>
            </param>
          </params>
          <reporter-output>
          </reporter-output>
        </test-method> <!-- testCase -->
        <test-method status="PASS" signature="afterClass()[pri:0, instance:com.alg.test.executionengine.Executor@6a4f787b]" name="afterClass" is-config="true" duration-ms="2009" started-at="2017-09-21T09:36:46Z" finished-at="2017-09-21T09:36:48Z">
          <reporter-output>
          </reporter-output>
        </test-method> <!-- afterClass -->
        <test-method status="PASS" signature="tearDown()[pri:0, instance:com.alg.test.executionengine.Executor@6a4f787b]" name="tearDown" is-config="true" duration-ms="0" started-at="2017-09-21T09:36:48Z" finished-at="2017-09-21T09:36:48Z">
          <reporter-output>
          </reporter-output>
        </test-method> <!-- tearDown -->
      </class> <!-- com.alg.test.executionengine.Executor -->
    </test> <!-- Test -->
  </suite> <!-- Regression -->
</testng-results>
